2018-02-20 15:54:57,394 p=14254 u=nikolai |  workstation-1c43.rhpds.opentlc.com | UNREACHABLE! => {
    "changed": false, 
    "msg": "Failed to connect to the host via ssh: Permission denied (publickey,keyboard-interactive).\r\n", 
    "unreachable": true
}
2018-02-20 15:57:57,587 p=17142 u=nikolai |  workstation-1c43.rhpds.opentlc.com | SUCCESS => {
    "changed": false, 
    "ping": "pong"
}
2018-02-20 15:58:28,723 p=17937 u=nikolai |  Using /home/nikolai/src/stackman/ansible.cfg as config file
2018-02-20 15:58:37,469 p=17937 u=nikolai |  workstation-1c43.rhpds.opentlc.com | SUCCESS => {
    "ansible_facts": {
        "openstack_users": [
            {
                "default_project_id": null, 
                "description": null, 
                "domain_id": "default", 
                "email": "nova@localhost", 
                "enabled": true, 
                "id": "0de7cfaf6a554bb09ca9af8cfbe829d2", 
                "name": "nova", 
                "username": null
            }, 
            {
                "default_project_id": null, 
                "description": null, 
                "domain_id": "default", 
                "email": "glance@localhost", 
                "enabled": true, 
                "id": "221eeed1aecb48c29b5a2df776cacbb8", 
                "name": "glance", 
                "username": null
            }, 
            {
                "default_project_id": null, 
                "description": null, 
                "domain_id": "default", 
                "email": "root@localhost", 
                "enabled": true, 
                "id": "97656d07875c40b38805582946989e49", 
                "name": "admin", 
                "username": null
            }, 
            {
                "default_project_id": null, 
                "description": null, 
                "domain_id": "default", 
                "email": "neutron@localhost", 
                "enabled": true, 
                "id": "abcfdf074c8e481da1221e7bbd9cec88", 
                "name": "neutron", 
                "username": null
            }, 
            {
                "default_project_id": null, 
                "description": null, 
                "domain_id": "default", 
                "email": "cinder@localhost", 
                "enabled": true, 
                "id": "bb2cf62147e2452c9689992d38a8e1c9", 
                "name": "cinder", 
                "username": null
            }
        ]
    }, 
    "changed": false
}
2018-02-20 15:59:40,429 p=19155 u=nikolai |  Using /home/nikolai/src/stackman/ansible.cfg as config file
2018-02-20 15:59:47,502 p=19155 u=nikolai |  workstation-1c43.rhpds.opentlc.com | SUCCESS => {
    "ansible_facts": {
        "openstack_users": [
            {
                "default_project_id": null, 
                "description": null, 
                "domain_id": "default", 
                "email": "nova@localhost", 
                "enabled": true, 
                "id": "0de7cfaf6a554bb09ca9af8cfbe829d2", 
                "name": "nova", 
                "username": null
            }, 
            {
                "default_project_id": null, 
                "description": null, 
                "domain_id": "default", 
                "email": "glance@localhost", 
                "enabled": true, 
                "id": "221eeed1aecb48c29b5a2df776cacbb8", 
                "name": "glance", 
                "username": null
            }, 
            {
                "default_project_id": null, 
                "description": null, 
                "domain_id": "default", 
                "email": "root@localhost", 
                "enabled": true, 
                "id": "97656d07875c40b38805582946989e49", 
                "name": "admin", 
                "username": null
            }, 
            {
                "default_project_id": null, 
                "description": null, 
                "domain_id": "default", 
                "email": "neutron@localhost", 
                "enabled": true, 
                "id": "abcfdf074c8e481da1221e7bbd9cec88", 
                "name": "neutron", 
                "username": null
            }, 
            {
                "default_project_id": null, 
                "description": null, 
                "domain_id": "default", 
                "email": "cinder@localhost", 
                "enabled": true, 
                "id": "bb2cf62147e2452c9689992d38a8e1c9", 
                "name": "cinder", 
                "username": null
            }
        ]
    }, 
    "changed": false
}
